[22-Dec-2016 16:33:19 Europe/Paris] PHP Fatal error:  Class 'Installer\Operation\LayoutBridge\ReflectionClass' not found in /Users/pierrelafitte/Desktop/mondossier/web/php/projects/nullos-admin/app-nullos/class/Installer/Operation/LayoutBridge/LayoutBridgeDisplayLeftMenuBlocksOperation.php on line 22
[22-Dec-2016 16:33:19 Europe/Paris] PHP Stack trace:
[22-Dec-2016 16:33:19 Europe/Paris] PHP   1. {main}() /Users/pierrelafitte/Desktop/mondossier/web/php/projects/nullos-admin/app-nullos/www/index.tmp.php:0
[22-Dec-2016 16:33:19 Europe/Paris] PHP   2. FrontOne\FrontOneInstaller::install() /Users/pierrelafitte/Desktop/mondossier/web/php/projects/nullos-admin/app-nullos/www/index.tmp.php:17
[22-Dec-2016 16:33:19 Europe/Paris] PHP   3. Installer\Installer->run() /Users/pierrelafitte/Desktop/mondossier/web/php/projects/nullos-admin/app-nullos/class-modules/FrontOne/FrontOneInstaller.php:50
[22-Dec-2016 16:33:19 Europe/Paris] PHP   4. Installer\Operation\LayoutBridge\LayoutBridgeDisplayLeftMenuBlocksOperation->execute() /Users/pierrelafitte/Desktop/mondossier/web/php/projects/nullos-admin/app-nullos/class/Installer/Installer.php:49
[22-Dec-2016 19:14:13 Europe/Paris] PHP Warning:  call_user_func_array() expects parameter 1 to be a valid callback, no array or string given in /Users/pierrelafitte/Desktop/mondossier/web/php/projects/nullos-admin/app-nullos/class/Installer/Operation/Util/ArrayTransformer.php on line 21
[22-Dec-2016 19:14:13 Europe/Paris] PHP Stack trace:
[22-Dec-2016 19:14:13 Europe/Paris] PHP   1. {main}() /Users/pierrelafitte/Desktop/mondossier/web/php/projects/nullos-admin/app-nullos/www/index.tmp.php:0
[22-Dec-2016 19:14:13 Europe/Paris] PHP   2. FrontOne\FrontOneInstaller::install() /Users/pierrelafitte/Desktop/mondossier/web/php/projects/nullos-admin/app-nullos/www/index.tmp.php:18
[22-Dec-2016 19:14:13 Europe/Paris] PHP   3. Installer\Installer->run() /Users/pierrelafitte/Desktop/mondossier/web/php/projects/nullos-admin/app-nullos/class-modules/FrontOne/FrontOneInstaller.php:50
[22-Dec-2016 19:14:13 Europe/Paris] PHP   4. Installer\Operation\LayoutBridge\LayoutBridgeDisplayLeftMenuBlocksOperation->execute() /Users/pierrelafitte/Desktop/mondossier/web/php/projects/nullos-admin/app-nullos/class/Installer/Installer.php:49
[22-Dec-2016 19:14:13 Europe/Paris] PHP   5. Installer\Operation\Util\MethodArrayTransformer->replaceByMethod() /Users/pierrelafitte/Desktop/mondossier/web/php/projects/nullos-admin/app-nullos/class/Installer/Operation/LayoutBridge/LayoutBridgeDisplayLeftMenuBlocksOperation.php:22
[22-Dec-2016 19:14:13 Europe/Paris] PHP   6. Installer\Operation\Util\ArrayTransformer->transform() /Users/pierrelafitte/Desktop/mondossier/web/php/projects/nullos-admin/app-nullos/class/Installer/Operation/Util/MethodArrayTransformer.php:29
[22-Dec-2016 19:14:13 Europe/Paris] PHP   7. call_user_func_array:{/Users/pierrelafitte/Desktop/mondossier/web/php/projects/nullos-admin/app-nullos/class/Installer/Operation/Util/ArrayTransformer.php:21}() /Users/pierrelafitte/Desktop/mondossier/web/php/projects/nullos-admin/app-nullos/class/Installer/Operation/Util/ArrayTransformer.php:21
[22-Dec-2016 19:38:57 Europe/Paris] PHP Fatal error:  Class 'FrontOne\Installer\Operations\Layout\InstallRouterBridgeUri2PageOperation' not found in /Users/pierrelafitte/Desktop/mondossier/web/php/projects/nullos-admin/app-nullos/class-modules/FrontOne/FrontOneInstaller.php on line 54
[22-Dec-2016 19:38:57 Europe/Paris] PHP Stack trace:
[22-Dec-2016 19:38:57 Europe/Paris] PHP   1. {main}() /Users/pierrelafitte/Desktop/mondossier/web/php/projects/nullos-admin/app-nullos/www/index.tmp.php:0
[22-Dec-2016 19:38:57 Europe/Paris] PHP   2. FrontOne\FrontOneInstaller::install() /Users/pierrelafitte/Desktop/mondossier/web/php/projects/nullos-admin/app-nullos/www/index.tmp.php:18
[22-Dec-2016 19:40:16 Europe/Paris] PHP Fatal error:  Class 'Installer\Operation\LayoutBridge\RouterBridgeUri2PagesOperation' not found in /Users/pierrelafitte/Desktop/mondossier/web/php/projects/nullos-admin/app-nullos/class-modules/FrontOne/Installer/Operations/Router/InstallRouterBridgeUri2PagesOperation.php on line 10
[22-Dec-2016 19:40:16 Europe/Paris] PHP Stack trace:
[22-Dec-2016 19:40:16 Europe/Paris] PHP   1. {main}() /Users/pierrelafitte/Desktop/mondossier/web/php/projects/nullos-admin/app-nullos/www/index.tmp.php:0
[22-Dec-2016 19:40:16 Europe/Paris] PHP   2. FrontOne\FrontOneInstaller::install() /Users/pierrelafitte/Desktop/mondossier/web/php/projects/nullos-admin/app-nullos/www/index.tmp.php:18
[22-Dec-2016 19:40:16 Europe/Paris] PHP   3. spl_autoload_call() /Users/pierrelafitte/Desktop/mondossier/web/php/projects/nullos-admin/app-nullos/www/index.tmp.php:54
[22-Dec-2016 19:40:16 Europe/Paris] PHP   4. BumbleBee\Autoload\BeeAutoLoader->autoLoader() /Users/pierrelafitte/Desktop/mondossier/web/php/projects/nullos-admin/app-nullos/www/index.tmp.php:54
[22-Dec-2016 19:40:16 Europe/Paris] PHP   5. call_user_func_array:{/Users/pierrelafitte/Desktop/mondossier/web/php/projects/universe/planets/BumbleBee/Autoload/BeeAutoloader.php:59}() /Users/pierrelafitte/Desktop/mondossier/web/php/projects/universe/planets/BumbleBee/Autoload/BeeAutoloader.php:59
[22-Dec-2016 19:40:16 Europe/Paris] PHP   6. BumbleBee\Autoload\ButineurAutoloader->butineurAutoload() /Users/pierrelafitte/Desktop/mondossier/web/php/projects/universe/planets/BumbleBee/Autoload/BeeAutoloader.php:59
[22-Dec-2016 19:40:16 Europe/Paris] PHP   7. require_once() /Users/pierrelafitte/Desktop/mondossier/web/php/projects/universe/planets/BumbleBee/Autoload/ButineurAutoloader.php:76
[22-Dec-2016 20:20:52 Europe/Paris] PHP Fatal error:  Class 'CopyDir\AuthorCopyDirUtil' not found in /Users/pierrelafitte/Desktop/mondossier/web/php/projects/universe/planets/Bat/FileSystemTool.php on line 51
[22-Dec-2016 20:20:52 Europe/Paris] PHP Stack trace:
[22-Dec-2016 20:20:52 Europe/Paris] PHP   1. {main}() /Users/pierrelafitte/Desktop/mondossier/web/php/projects/nullos-admin/app-nullos/www/index.tmp.php:0
[22-Dec-2016 20:20:52 Europe/Paris] PHP   2. FrontOne\FrontOneInstaller::install() /Users/pierrelafitte/Desktop/mondossier/web/php/projects/nullos-admin/app-nullos/www/index.tmp.php:18
[22-Dec-2016 20:20:52 Europe/Paris] PHP   3. Installer\Installer->run() /Users/pierrelafitte/Desktop/mondossier/web/php/projects/nullos-admin/app-nullos/class-modules/FrontOne/FrontOneInstaller.php:61
[22-Dec-2016 20:20:52 Europe/Paris] PHP   4. Installer\Operation\DeployFile\DeployFileOperation->execute() /Users/pierrelafitte/Desktop/mondossier/web/php/projects/nullos-admin/app-nullos/class/Installer/Installer.php:49
[22-Dec-2016 20:20:52 Europe/Paris] PHP   5. Bat\FileSystemTool::copyDir() /Users/pierrelafitte/Desktop/mondossier/web/php/projects/nullos-admin/app-nullos/class/Installer/Operation/DeployFile/DeployFileOperation.php:49
[22-Dec-2016 21:39:42 Europe/Paris] PHP Fatal error:  Uncaught exception 'Exception' with message 'translation file not found: /Users/pierrelafitte/Desktop/mondossier/web/php/projects/nullos-admin/app-nullos/lang/en/modules/moduleInstaller/moduleInstaller.php' in /Users/pierrelafitte/Desktop/mondossier/web/php/projects/nullos-admin/app-nullos/functions/main-functions.php:48
Stack trace:
#0 /Users/pierrelafitte/Desktop/mondossier/web/php/projects/nullos-admin/app-nullos/class-modules/ModuleInstaller/ModuleInstallerModule.php(25): __('Module Installe...', 'modules/moduleI...')
#1 /Users/pierrelafitte/Desktop/mondossier/web/php/projects/nullos-admin/app-nullos/class/Layout/LayoutBridge.php(49): ModuleInstaller\ModuleInstallerModule::displayToolsLeftMenuLinks()
#2 /Users/pierrelafitte/Desktop/mondossier/web/php/projects/nullos-admin/app-nullos/class-modules/LeftMenuSection/Tools/ToolsLeftMenuSectionModule.php(19): Layout\LayoutBridge::displayToolsLeftMenuLinks()
#3 /Users/pierrelafitte/Desktop/mondossier/web/php/projects/nullos-admin/app-nullos/class/Layout/LayoutBr in /Users/pierrelafitte/Desktop/mondossier/web/php/projects/nullos-admin/app-nullos/functions/main-functions.php on line 48
[22-Dec-2016 21:40:27 Europe/Paris] PHP Warning:  require_once(/Users/pierrelafitte/Desktop/mondossier/web/php/projects/nullos-admin/app-nullos/pages/modules/moduleInstaller/moduleInstaller.php): failed to open stream: No such file or directory in /Users/pierrelafitte/Desktop/mondossier/web/php/projects/nullos-admin/app-nullos/www/index.php on line 68
[22-Dec-2016 21:40:27 Europe/Paris] PHP Stack trace:
[22-Dec-2016 21:40:27 Europe/Paris] PHP   1. {main}() /Users/pierrelafitte/Desktop/mondossier/web/php/projects/nullos-admin/app-nullos/www/index.php:0
[22-Dec-2016 21:40:27 Europe/Paris] PHP Fatal error:  require_once(): Failed opening required '/Users/pierrelafitte/Desktop/mondossier/web/php/projects/nullos-admin/app-nullos/pages/modules/moduleInstaller/moduleInstaller.php' (include_path='.:/Users/pierrelafitte/Desktop/mondossier/web/php/projects/universe:/usr/local/share/bigbang:/usr/local/bee:/php/includes') in /Users/pierrelafitte/Desktop/mondossier/web/php/projects/nullos-admin/app-nullos/www/index.php on line 68
[22-Dec-2016 21:40:28 Europe/Paris] PHP Stack trace:
[22-Dec-2016 21:40:28 Europe/Paris] PHP   1. {main}() /Users/pierrelafitte/Desktop/mondossier/web/php/projects/nullos-admin/app-nullos/www/index.php:0
[22-Dec-2016 21:51:08 Europe/Paris] PHP Warning:  require_once(/Users/pierrelafitte/Desktop/mondossier/web/php/projects/nullos-admin/app-nullos/layout-elements/nullos/modules/moduleInstaller/tabs/modules.php): failed to open stream: No such file or directory in /Users/pierrelafitte/Desktop/mondossier/web/php/projects/nullos-admin/app-nullos/layout-elements/nullos/modules/moduleInstaller/moduleInstaller.php on line 47
[22-Dec-2016 21:51:08 Europe/Paris] PHP Stack trace:
[22-Dec-2016 21:51:08 Europe/Paris] PHP   1. {main}() /Users/pierrelafitte/Desktop/mondossier/web/php/projects/nullos-admin/app-nullos/www/index.php:0
[22-Dec-2016 21:51:08 Europe/Paris] PHP   2. require_once() /Users/pierrelafitte/Desktop/mondossier/web/php/projects/nullos-admin/app-nullos/www/index.php:68
[22-Dec-2016 21:51:08 Europe/Paris] PHP   3. Layout\Layout->display() /Users/pierrelafitte/Desktop/mondossier/web/php/projects/nullos-admin/app-nullos/pages/modules/moduleInstaller/moduleInstaller.php:8
[22-Dec-2016 21:51:08 Europe/Paris] PHP   4. Layout\Layout->includeElement() /Users/pierrelafitte/Desktop/mondossier/web/php/projects/nullos-admin/app-nullos/class/Layout/Layout.php:62
[22-Dec-2016 21:51:08 Europe/Paris] PHP   5. require_once() /Users/pierrelafitte/Desktop/mondossier/web/php/projects/nullos-admin/app-nullos/class/Layout/Layout.php:150
[22-Dec-2016 21:51:08 Europe/Paris] PHP Fatal error:  require_once(): Failed opening required '/Users/pierrelafitte/Desktop/mondossier/web/php/projects/nullos-admin/app-nullos/layout-elements/nullos/modules/moduleInstaller/tabs/modules.php' (include_path='.:/Users/pierrelafitte/Desktop/mondossier/web/php/projects/universe:/usr/local/share/bigbang:/usr/local/bee:/php/includes') in /Users/pierrelafitte/Desktop/mondossier/web/php/projects/nullos-admin/app-nullos/layout-elements/nullos/modules/moduleInstaller/moduleInstaller.php on line 47
[22-Dec-2016 21:51:08 Europe/Paris] PHP Stack trace:
[22-Dec-2016 21:51:08 Europe/Paris] PHP   1. {main}() /Users/pierrelafitte/Desktop/mondossier/web/php/projects/nullos-admin/app-nullos/www/index.php:0
[22-Dec-2016 21:51:08 Europe/Paris] PHP   2. require_once() /Users/pierrelafitte/Desktop/mondossier/web/php/projects/nullos-admin/app-nullos/www/index.php:68
[22-Dec-2016 21:51:08 Europe/Paris] PHP   3. Layout\Layout->display() /Users/pierrelafitte/Desktop/mondossier/web/php/projects/nullos-admin/app-nullos/pages/modules/moduleInstaller/moduleInstaller.php:8
[22-Dec-2016 21:51:08 Europe/Paris] PHP   4. Layout\Layout->includeElement() /Users/pierrelafitte/Desktop/mondossier/web/php/projects/nullos-admin/app-nullos/class/Layout/Layout.php:62
[22-Dec-2016 21:51:08 Europe/Paris] PHP   5. require_once() /Users/pierrelafitte/Desktop/mondossier/web/php/projects/nullos-admin/app-nullos/class/Layout/Layout.php:150
[22-Dec-2016 22:12:16 Europe/Paris] PHP Fatal error:  Class 'FrontOne\FrontOneConfig' not found in /Users/pierrelafitte/Desktop/mondossier/web/php/projects/nullos-admin/app-nullos/layout-elements/nullos/modules/moduleInstaller/tabs/modules.php on line 18
[22-Dec-2016 22:12:16 Europe/Paris] PHP Stack trace:
[22-Dec-2016 22:12:16 Europe/Paris] PHP   1. {main}() /Users/pierrelafitte/Desktop/mondossier/web/php/projects/nullos-admin/app-nullos/www/index.php:0
[22-Dec-2016 22:12:16 Europe/Paris] PHP   2. require_once() /Users/pierrelafitte/Desktop/mondossier/web/php/projects/nullos-admin/app-nullos/www/index.php:68
[22-Dec-2016 22:12:16 Europe/Paris] PHP   3. Layout\Layout->display() /Users/pierrelafitte/Desktop/mondossier/web/php/projects/nullos-admin/app-nullos/pages/modules/moduleInstaller/moduleInstaller.php:8
[22-Dec-2016 22:12:16 Europe/Paris] PHP   4. Layout\Layout->includeElement() /Users/pierrelafitte/Desktop/mondossier/web/php/projects/nullos-admin/app-nullos/class/Layout/Layout.php:62
[22-Dec-2016 22:12:16 Europe/Paris] PHP   5. require_once() /Users/pierrelafitte/Desktop/mondossier/web/php/projects/nullos-admin/app-nullos/class/Layout/Layout.php:150
[22-Dec-2016 22:12:16 Europe/Paris] PHP   6. require_once() /Users/pierrelafitte/Desktop/mondossier/web/php/projects/nullos-admin/app-nullos/layout-elements/nullos/modules/moduleInstaller/moduleInstaller.php:47
[22-Dec-2016 22:13:32 Europe/Paris] PHP Fatal error:  Class 'FrontOne\FrontOneConfig' not found in /Users/pierrelafitte/Desktop/mondossier/web/php/projects/nullos-admin/app-nullos/layout-elements/nullos/modules/moduleInstaller/tabs/modules.php on line 51
[22-Dec-2016 22:13:32 Europe/Paris] PHP Stack trace:
[22-Dec-2016 22:13:32 Europe/Paris] PHP   1. {main}() /Users/pierrelafitte/Desktop/mondossier/web/php/projects/nullos-admin/app-nullos/www/index.php:0
[22-Dec-2016 22:13:32 Europe/Paris] PHP   2. require_once() /Users/pierrelafitte/Desktop/mondossier/web/php/projects/nullos-admin/app-nullos/www/index.php:68
[22-Dec-2016 22:13:32 Europe/Paris] PHP   3. Layout\Layout->display() /Users/pierrelafitte/Desktop/mondossier/web/php/projects/nullos-admin/app-nullos/pages/modules/moduleInstaller/moduleInstaller.php:8
[22-Dec-2016 22:13:32 Europe/Paris] PHP   4. Layout\Layout->includeElement() /Users/pierrelafitte/Desktop/mondossier/web/php/projects/nullos-admin/app-nullos/class/Layout/Layout.php:62
[22-Dec-2016 22:13:32 Europe/Paris] PHP   5. require_once() /Users/pierrelafitte/Desktop/mondossier/web/php/projects/nullos-admin/app-nullos/class/Layout/Layout.php:150
[22-Dec-2016 22:13:32 Europe/Paris] PHP   6. require_once() /Users/pierrelafitte/Desktop/mondossier/web/php/projects/nullos-admin/app-nullos/layout-elements/nullos/modules/moduleInstaller/moduleInstaller.php:47
[23-Dec-2016 00:02:09 Europe/Paris] PHP Notice:  Constant LL already defined in /Users/pierrelafitte/Desktop/mondossier/web/php/projects/nullos-admin/app-nullos/layout-elements/nullos/modules/moduleInstaller/tabs/modules.php on line 9
[23-Dec-2016 00:02:09 Europe/Paris] PHP Stack trace:
[23-Dec-2016 00:02:09 Europe/Paris] PHP   1. {main}() /Users/pierrelafitte/Desktop/mondossier/web/php/projects/nullos-admin/app-nullos/www/index.php:0
[23-Dec-2016 00:02:09 Europe/Paris] PHP   2. require_once() /Users/pierrelafitte/Desktop/mondossier/web/php/projects/nullos-admin/app-nullos/www/index.php:68
[23-Dec-2016 00:02:09 Europe/Paris] PHP   3. Layout\Layout->display() /Users/pierrelafitte/Desktop/mondossier/web/php/projects/nullos-admin/app-nullos/pages/modules/moduleInstaller/moduleInstaller.php:8
[23-Dec-2016 00:02:09 Europe/Paris] PHP   4. Layout\Layout->includeElement() /Users/pierrelafitte/Desktop/mondossier/web/php/projects/nullos-admin/app-nullos/class/Layout/Layout.php:62
[23-Dec-2016 00:02:09 Europe/Paris] PHP   5. require_once() /Users/pierrelafitte/Desktop/mondossier/web/php/projects/nullos-admin/app-nullos/class/Layout/Layout.php:150
[23-Dec-2016 00:02:09 Europe/Paris] PHP   6. require_once() /Users/pierrelafitte/Desktop/mondossier/web/php/projects/nullos-admin/app-nullos/layout-elements/nullos/modules/moduleInstaller/moduleInstaller.php:47
[23-Dec-2016 00:02:09 Europe/Paris] PHP   7. define() /Users/pierrelafitte/Desktop/mondossier/web/php/projects/nullos-admin/app-nullos/layout-elements/nullos/modules/moduleInstaller/tabs/modules.php:9
[23-Dec-2016 00:35:17 Europe/Paris] PHP Fatal error:  Class 'IconsViewer\IconsViewerModule' not found in /Users/pierrelafitte/Desktop/mondossier/web/php/projects/nullos-admin/app-nullos/class/Router/RouterBridge.php on line 28
[23-Dec-2016 00:35:17 Europe/Paris] PHP Stack trace:
[23-Dec-2016 00:35:17 Europe/Paris] PHP   1. {main}() /Users/pierrelafitte/Desktop/mondossier/web/php/projects/nullos-admin/app-nullos/www/index.php:0
[23-Dec-2016 00:35:17 Europe/Paris] PHP   2. Router\RouterBridge::decorateUri2PagesMap() /Users/pierrelafitte/Desktop/mondossier/web/php/projects/nullos-admin/app-nullos/www/index.php:43
[23-Dec-2016 00:36:36 Europe/Paris] PHP Fatal error:  Class 'IconsViewer\IconsViewerModule' not found in /Users/pierrelafitte/Desktop/mondossier/web/php/projects/nullos-admin/app-nullos/class/Router/RouterBridge.php on line 28
[23-Dec-2016 00:36:36 Europe/Paris] PHP Stack trace:
[23-Dec-2016 00:36:36 Europe/Paris] PHP   1. {main}() /Users/pierrelafitte/Desktop/mondossier/web/php/projects/nullos-admin/app-nullos/www/index.php:0
[23-Dec-2016 00:36:36 Europe/Paris] PHP   2. Router\RouterBridge::decorateUri2PagesMap() /Users/pierrelafitte/Desktop/mondossier/web/php/projects/nullos-admin/app-nullos/www/index.php:43
[23-Dec-2016 01:12:26 Europe/Paris] PHP Fatal error:  Call to undefined method Installer\Operation\RouterBridge\RouterBridgeUri2PagesOperation::create() in /Users/pierrelafitte/Desktop/mondossier/web/php/projects/nullos-admin/app-nullos/class-modules/IconsViewer/IconsViewerInstaller.php on line 55
[23-Dec-2016 01:12:26 Europe/Paris] PHP Stack trace:
[23-Dec-2016 01:12:26 Europe/Paris] PHP   1. {main}() /Users/pierrelafitte/Desktop/mondossier/web/php/projects/nullos-admin/app-nullos/www/index.php:0
[23-Dec-2016 01:12:26 Europe/Paris] PHP   2. require_once() /Users/pierrelafitte/Desktop/mondossier/web/php/projects/nullos-admin/app-nullos/www/index.php:68
[23-Dec-2016 01:12:26 Europe/Paris] PHP   3. Layout\Layout->display() /Users/pierrelafitte/Desktop/mondossier/web/php/projects/nullos-admin/app-nullos/pages/modules/moduleInstaller/moduleInstaller.php:8
[23-Dec-2016 01:12:26 Europe/Paris] PHP   4. Layout\Layout->includeElement() /Users/pierrelafitte/Desktop/mondossier/web/php/projects/nullos-admin/app-nullos/class/Layout/Layout.php:62
[23-Dec-2016 01:12:26 Europe/Paris] PHP   5. require_once() /Users/pierrelafitte/Desktop/mondossier/web/php/projects/nullos-admin/app-nullos/class/Layout/Layout.php:150
[23-Dec-2016 01:12:26 Europe/Paris] PHP   6. require_once() /Users/pierrelafitte/Desktop/mondossier/web/php/projects/nullos-admin/app-nullos/layout-elements/nullos/modules/moduleInstaller/moduleInstaller.php:47
[23-Dec-2016 01:12:26 Europe/Paris] PHP   7. ModuleInstaller\ModuleInstallerUtil::uninstallModule() /Users/pierrelafitte/Desktop/mondossier/web/php/projects/nullos-admin/app-nullos/layout-elements/nullos/modules/moduleInstaller/tabs/modules.php:30
[23-Dec-2016 01:12:26 Europe/Paris] PHP   8. call_user_func:{/Users/pierrelafitte/Desktop/mondossier/web/php/projects/nullos-admin/app-nullos/class-modules/ModuleInstaller/ModuleInstallerUtil.php:74}() /Users/pierrelafitte/Desktop/mondossier/web/php/projects/nullos-admin/app-nullos/class-modules/ModuleInstaller/ModuleInstallerUtil.php:74
[23-Dec-2016 01:12:26 Europe/Paris] PHP   9. IconsViewer\IconsViewerInstaller::uninstall() /Users/pierrelafitte/Desktop/mondossier/web/php/projects/nullos-admin/app-nullos/class-modules/ModuleInstaller/ModuleInstallerUtil.php:74
[23-Dec-2016 01:28:11 Europe/Paris] PHP Fatal error:  Cannot instantiate abstract class Installer\Installer in /Users/pierrelafitte/Desktop/mondossier/web/php/projects/nullos-admin/app-nullos/class-modules/Linguist/LinguistInstaller.php on line 45
[23-Dec-2016 01:28:11 Europe/Paris] PHP Stack trace:
[23-Dec-2016 01:28:11 Europe/Paris] PHP   1. {main}() /Users/pierrelafitte/Desktop/mondossier/web/php/projects/nullos-admin/app-nullos/www/index.php:0
[23-Dec-2016 01:28:11 Europe/Paris] PHP   2. require_once() /Users/pierrelafitte/Desktop/mondossier/web/php/projects/nullos-admin/app-nullos/www/index.php:68
[23-Dec-2016 01:28:11 Europe/Paris] PHP   3. Layout\Layout->display() /Users/pierrelafitte/Desktop/mondossier/web/php/projects/nullos-admin/app-nullos/pages/modules/moduleInstaller/moduleInstaller.php:8
[23-Dec-2016 01:28:11 Europe/Paris] PHP   4. Layout\Layout->includeElement() /Users/pierrelafitte/Desktop/mondossier/web/php/projects/nullos-admin/app-nullos/class/Layout/Layout.php:62
[23-Dec-2016 01:28:11 Europe/Paris] PHP   5. require_once() /Users/pierrelafitte/Desktop/mondossier/web/php/projects/nullos-admin/app-nullos/class/Layout/Layout.php:150
[23-Dec-2016 01:28:11 Europe/Paris] PHP   6. require_once() /Users/pierrelafitte/Desktop/mondossier/web/php/projects/nullos-admin/app-nullos/layout-elements/nullos/modules/moduleInstaller/moduleInstaller.php:47
[23-Dec-2016 01:28:11 Europe/Paris] PHP   7. ModuleInstaller\ModuleInstallerUtil::uninstallModule() /Users/pierrelafitte/Desktop/mondossier/web/php/projects/nullos-admin/app-nullos/layout-elements/nullos/modules/moduleInstaller/tabs/modules.php:30
[23-Dec-2016 01:28:11 Europe/Paris] PHP   8. call_user_func:{/Users/pierrelafitte/Desktop/mondossier/web/php/projects/nullos-admin/app-nullos/class-modules/ModuleInstaller/ModuleInstallerUtil.php:74}() /Users/pierrelafitte/Desktop/mondossier/web/php/projects/nullos-admin/app-nullos/class-modules/ModuleInstaller/ModuleInstallerUtil.php:74
[23-Dec-2016 01:28:11 Europe/Paris] PHP   9. Linguist\LinguistInstaller::uninstall() /Users/pierrelafitte/Desktop/mondossier/web/php/projects/nullos-admin/app-nullos/class-modules/ModuleInstaller/ModuleInstallerUtil.php:74
[23-Dec-2016 05:10:09 Europe/Paris] PHP Strict standards:  call_user_func() expects parameter 1 to be a valid callback, non-static method IconsViewer\IconsViewerInstaller::install() should not be called statically in /Users/pierrelafitte/Desktop/mondossier/web/php/projects/nullos-admin/app-nullos/class-modules/ModuleInstaller/ModuleInstallerUtil.php on line 65
[23-Dec-2016 05:10:09 Europe/Paris] PHP Stack trace:
[23-Dec-2016 05:10:09 Europe/Paris] PHP   1. {main}() /Users/pierrelafitte/Desktop/mondossier/web/php/projects/nullos-admin/app-nullos/www/index.php:0
[23-Dec-2016 05:10:09 Europe/Paris] PHP   2. require_once() /Users/pierrelafitte/Desktop/mondossier/web/php/projects/nullos-admin/app-nullos/www/index.php:68
[23-Dec-2016 05:10:09 Europe/Paris] PHP   3. Layout\Layout->display() /Users/pierrelafitte/Desktop/mondossier/web/php/projects/nullos-admin/app-nullos/pages/modules/moduleInstaller/moduleInstaller.php:8
[23-Dec-2016 05:10:09 Europe/Paris] PHP   4. Layout\Layout->includeElement() /Users/pierrelafitte/Desktop/mondossier/web/php/projects/nullos-admin/app-nullos/class/Layout/Layout.php:62
[23-Dec-2016 05:10:09 Europe/Paris] PHP   5. require_once() /Users/pierrelafitte/Desktop/mondossier/web/php/projects/nullos-admin/app-nullos/class/Layout/Layout.php:150
[23-Dec-2016 05:10:09 Europe/Paris] PHP   6. require_once() /Users/pierrelafitte/Desktop/mondossier/web/php/projects/nullos-admin/app-nullos/layout-elements/nullos/modules/moduleInstaller/moduleInstaller.php:47
[23-Dec-2016 05:10:09 Europe/Paris] PHP   7. ModuleInstaller\ModuleInstallerUtil::installModule() /Users/pierrelafitte/Desktop/mondossier/web/php/projects/nullos-admin/app-nullos/layout-elements/nullos/modules/moduleInstaller/tabs/modules.php:27
[23-Dec-2016 05:10:09 Europe/Paris] PHP   8. call_user_func:{/Users/pierrelafitte/Desktop/mondossier/web/php/projects/nullos-admin/app-nullos/class-modules/ModuleInstaller/ModuleInstallerUtil.php:65}() /Users/pierrelafitte/Desktop/mondossier/web/php/projects/nullos-admin/app-nullos/class-modules/ModuleInstaller/ModuleInstallerUtil.php:65
[23-Dec-2016 05:29:58 Europe/Paris] PHP Warning:  get_called_class() expects exactly 0 parameters, 1 given in /Users/pierrelafitte/Desktop/mondossier/web/php/projects/nullos-admin/app-nullos/class/Installer/WithToolsLeftMenuModuleInstaller.php on line 122
[23-Dec-2016 05:29:58 Europe/Paris] PHP Stack trace:
[23-Dec-2016 05:29:58 Europe/Paris] PHP   1. {main}() /Users/pierrelafitte/Desktop/mondossier/web/php/projects/nullos-admin/app-nullos/www/index.php:0
[23-Dec-2016 05:29:58 Europe/Paris] PHP   2. require_once() /Users/pierrelafitte/Desktop/mondossier/web/php/projects/nullos-admin/app-nullos/www/index.php:68
[23-Dec-2016 05:29:58 Europe/Paris] PHP   3. Layout\Layout->display() /Users/pierrelafitte/Desktop/mondossier/web/php/projects/nullos-admin/app-nullos/pages/modules/moduleInstaller/moduleInstaller.php:8
[23-Dec-2016 05:29:58 Europe/Paris] PHP   4. Layout\Layout->includeElement() /Users/pierrelafitte/Desktop/mondossier/web/php/projects/nullos-admin/app-nullos/class/Layout/Layout.php:62
[23-Dec-2016 05:29:58 Europe/Paris] PHP   5. require_once() /Users/pierrelafitte/Desktop/mondossier/web/php/projects/nullos-admin/app-nullos/class/Layout/Layout.php:150
[23-Dec-2016 05:29:58 Europe/Paris] PHP   6. require_once() /Users/pierrelafitte/Desktop/mondossier/web/php/projects/nullos-admin/app-nullos/layout-elements/nullos/modules/moduleInstaller/moduleInstaller.php:47
[23-Dec-2016 05:29:58 Europe/Paris] PHP   7. ModuleInstaller\ModuleInstallerUtil::installModule() /Users/pierrelafitte/Desktop/mondossier/web/php/projects/nullos-admin/app-nullos/layout-elements/nullos/modules/moduleInstaller/tabs/modules.php:27
[23-Dec-2016 05:29:58 Europe/Paris] PHP   8. call_user_func:{/Users/pierrelafitte/Desktop/mondossier/web/php/projects/nullos-admin/app-nullos/class-modules/ModuleInstaller/ModuleInstallerUtil.php:65}() /Users/pierrelafitte/Desktop/mondossier/web/php/projects/nullos-admin/app-nullos/class-modules/ModuleInstaller/ModuleInstallerUtil.php:65
[23-Dec-2016 05:29:58 Europe/Paris] PHP   9. Installer\WithToolsLeftMenuModuleInstaller->install() /Users/pierrelafitte/Desktop/mondossier/web/php/projects/nullos-admin/app-nullos/class-modules/ModuleInstaller/ModuleInstallerUtil.php:65
[23-Dec-2016 05:29:58 Europe/Paris] PHP  10. Installer\WithToolsLeftMenuModuleInstaller->getSourceDir() /Users/pierrelafitte/Desktop/mondossier/web/php/projects/nullos-admin/app-nullos/class/Installer/WithToolsLeftMenuModuleInstaller.php:20
[23-Dec-2016 05:29:58 Europe/Paris] PHP  11. get_called_class() /Users/pierrelafitte/Desktop/mondossier/web/php/projects/nullos-admin/app-nullos/class/Installer/WithToolsLeftMenuModuleInstaller.php:122
[23-Dec-2016 05:55:34 Europe/Paris] PHP Warning:  mkdir(): File exists in /Users/pierrelafitte/Desktop/mondossier/web/php/projects/nullos-admin/app-nullos/class/Installer/WithToolsLeftMenuModuleInstaller.php on line 91
[23-Dec-2016 05:55:34 Europe/Paris] PHP Stack trace:
[23-Dec-2016 05:55:34 Europe/Paris] PHP   1. {main}() /Users/pierrelafitte/Desktop/mondossier/web/php/projects/nullos-admin/app-nullos/www/index.php:0
[23-Dec-2016 05:55:34 Europe/Paris] PHP   2. require_once() /Users/pierrelafitte/Desktop/mondossier/web/php/projects/nullos-admin/app-nullos/www/index.php:68
[23-Dec-2016 05:55:34 Europe/Paris] PHP   3. Layout\Layout->display() /Users/pierrelafitte/Desktop/mondossier/web/php/projects/nullos-admin/app-nullos/pages/modules/moduleInstaller/moduleInstaller.php:8
[23-Dec-2016 05:55:34 Europe/Paris] PHP   4. Layout\Layout->includeElement() /Users/pierrelafitte/Desktop/mondossier/web/php/projects/nullos-admin/app-nullos/class/Layout/Layout.php:62
[23-Dec-2016 05:55:34 Europe/Paris] PHP   5. require_once() /Users/pierrelafitte/Desktop/mondossier/web/php/projects/nullos-admin/app-nullos/class/Layout/Layout.php:150
[23-Dec-2016 05:55:34 Europe/Paris] PHP   6. require_once() /Users/pierrelafitte/Desktop/mondossier/web/php/projects/nullos-admin/app-nullos/layout-elements/nullos/modules/moduleInstaller/moduleInstaller.php:47
[23-Dec-2016 05:55:34 Europe/Paris] PHP   7. ModuleInstaller\ModuleInstallerUtil::packModule() /Users/pierrelafitte/Desktop/mondossier/web/php/projects/nullos-admin/app-nullos/layout-elements/nullos/modules/moduleInstaller/tabs/modules.php:33
[23-Dec-2016 05:55:34 Europe/Paris] PHP   8. call_user_func:{/Users/pierrelafitte/Desktop/mondossier/web/php/projects/nullos-admin/app-nullos/class-modules/ModuleInstaller/ModuleInstallerUtil.php:84}() /Users/pierrelafitte/Desktop/mondossier/web/php/projects/nullos-admin/app-nullos/class-modules/ModuleInstaller/ModuleInstallerUtil.php:84
[23-Dec-2016 05:55:34 Europe/Paris] PHP   9. Installer\WithToolsLeftMenuModuleInstaller->pack() /Users/pierrelafitte/Desktop/mondossier/web/php/projects/nullos-admin/app-nullos/class-modules/ModuleInstaller/ModuleInstallerUtil.php:84
[23-Dec-2016 05:55:34 Europe/Paris] PHP  10. mkdir() /Users/pierrelafitte/Desktop/mondossier/web/php/projects/nullos-admin/app-nullos/class/Installer/WithToolsLeftMenuModuleInstaller.php:91
[23-Dec-2016 05:55:34 Europe/Paris] PHP Warning:  copy(/Users/pierrelafitte/Desktop/mondossier/web/php/projects/nullos-admin/app-nullos/layout-elements/nullos/modules/iconsViewer): failed to open stream: No such file or directory in /Users/pierrelafitte/Desktop/mondossier/web/php/projects/nullos-admin/app-nullos/class/Installer/WithToolsLeftMenuModuleInstaller.php on line 92
[23-Dec-2016 05:55:34 Europe/Paris] PHP Stack trace:
[23-Dec-2016 05:55:34 Europe/Paris] PHP   1. {main}() /Users/pierrelafitte/Desktop/mondossier/web/php/projects/nullos-admin/app-nullos/www/index.php:0
[23-Dec-2016 05:55:34 Europe/Paris] PHP   2. require_once() /Users/pierrelafitte/Desktop/mondossier/web/php/projects/nullos-admin/app-nullos/www/index.php:68
[23-Dec-2016 05:55:34 Europe/Paris] PHP   3. Layout\Layout->display() /Users/pierrelafitte/Desktop/mondossier/web/php/projects/nullos-admin/app-nullos/pages/modules/moduleInstaller/moduleInstaller.php:8
[23-Dec-2016 05:55:34 Europe/Paris] PHP   4. Layout\Layout->includeElement() /Users/pierrelafitte/Desktop/mondossier/web/php/projects/nullos-admin/app-nullos/class/Layout/Layout.php:62
[23-Dec-2016 05:55:34 Europe/Paris] PHP   5. require_once() /Users/pierrelafitte/Desktop/mondossier/web/php/projects/nullos-admin/app-nullos/class/Layout/Layout.php:150
[23-Dec-2016 05:55:34 Europe/Paris] PHP   6. require_once() /Users/pierrelafitte/Desktop/mondossier/web/php/projects/nullos-admin/app-nullos/layout-elements/nullos/modules/moduleInstaller/moduleInstaller.php:47
[23-Dec-2016 05:55:34 Europe/Paris] PHP   7. ModuleInstaller\ModuleInstallerUtil::packModule() /Users/pierrelafitte/Desktop/mondossier/web/php/projects/nullos-admin/app-nullos/layout-elements/nullos/modules/moduleInstaller/tabs/modules.php:33
[23-Dec-2016 05:55:34 Europe/Paris] PHP   8. call_user_func:{/Users/pierrelafitte/Desktop/mondossier/web/php/projects/nullos-admin/app-nullos/class-modules/ModuleInstaller/ModuleInstallerUtil.php:84}() /Users/pierrelafitte/Desktop/mondossier/web/php/projects/nullos-admin/app-nullos/class-modules/ModuleInstaller/ModuleInstallerUtil.php:84
[23-Dec-2016 05:55:34 Europe/Paris] PHP   9. Installer\WithToolsLeftMenuModuleInstaller->pack() /Users/pierrelafitte/Desktop/mondossier/web/php/projects/nullos-admin/app-nullos/class-modules/ModuleInstaller/ModuleInstallerUtil.php:84
[23-Dec-2016 05:55:34 Europe/Paris] PHP  10. copy() /Users/pierrelafitte/Desktop/mondossier/web/php/projects/nullos-admin/app-nullos/class/Installer/WithToolsLeftMenuModuleInstaller.php:92
[23-Dec-2016 05:55:34 Europe/Paris] PHP Warning:  mkdir(): File exists in /Users/pierrelafitte/Desktop/mondossier/web/php/projects/nullos-admin/app-nullos/class/Installer/WithToolsLeftMenuModuleInstaller.php on line 91
[23-Dec-2016 05:55:34 Europe/Paris] PHP Stack trace:
[23-Dec-2016 05:55:34 Europe/Paris] PHP   1. {main}() /Users/pierrelafitte/Desktop/mondossier/web/php/projects/nullos-admin/app-nullos/www/index.php:0
[23-Dec-2016 05:55:34 Europe/Paris] PHP   2. require_once() /Users/pierrelafitte/Desktop/mondossier/web/php/projects/nullos-admin/app-nullos/www/index.php:68
[23-Dec-2016 05:55:34 Europe/Paris] PHP   3. Layout\Layout->display() /Users/pierrelafitte/Desktop/mondossier/web/php/projects/nullos-admin/app-nullos/pages/modules/moduleInstaller/moduleInstaller.php:8
[23-Dec-2016 05:55:34 Europe/Paris] PHP   4. Layout\Layout->includeElement() /Users/pierrelafitte/Desktop/mondossier/web/php/projects/nullos-admin/app-nullos/class/Layout/Layout.php:62
[23-Dec-2016 05:55:34 Europe/Paris] PHP   5. require_once() /Users/pierrelafitte/Desktop/mondossier/web/php/projects/nullos-admin/app-nullos/class/Layout/Layout.php:150
[23-Dec-2016 05:55:34 Europe/Paris] PHP   6. require_once() /Users/pierrelafitte/Desktop/mondossier/web/php/projects/nullos-admin/app-nullos/layout-elements/nullos/modules/moduleInstaller/moduleInstaller.php:47
[23-Dec-2016 05:55:34 Europe/Paris] PHP   7. ModuleInstaller\ModuleInstallerUtil::packModule() /Users/pierrelafitte/Desktop/mondossier/web/php/projects/nullos-admin/app-nullos/layout-elements/nullos/modules/moduleInstaller/tabs/modules.php:33
[23-Dec-2016 05:55:34 Europe/Paris] PHP   8. call_user_func:{/Users/pierrelafitte/Desktop/mondossier/web/php/projects/nullos-admin/app-nullos/class-modules/ModuleInstaller/ModuleInstallerUtil.php:84}() /Users/pierrelafitte/Desktop/mondossier/web/php/projects/nullos-admin/app-nullos/class-modules/ModuleInstaller/ModuleInstallerUtil.php:84
[23-Dec-2016 05:55:34 Europe/Paris] PHP   9. Installer\WithToolsLeftMenuModuleInstaller->pack() /Users/pierrelafitte/Desktop/mondossier/web/php/projects/nullos-admin/app-nullos/class-modules/ModuleInstaller/ModuleInstallerUtil.php:84
[23-Dec-2016 05:55:34 Europe/Paris] PHP  10. mkdir() /Users/pierrelafitte/Desktop/mondossier/web/php/projects/nullos-admin/app-nullos/class/Installer/WithToolsLeftMenuModuleInstaller.php:91
[23-Dec-2016 05:55:34 Europe/Paris] PHP Warning:  copy(/Users/pierrelafitte/Desktop/mondossier/web/php/projects/nullos-admin/app-nullos/pages/modules/iconsViewer): failed to open stream: No such file or directory in /Users/pierrelafitte/Desktop/mondossier/web/php/projects/nullos-admin/app-nullos/class/Installer/WithToolsLeftMenuModuleInstaller.php on line 92
[23-Dec-2016 05:55:34 Europe/Paris] PHP Stack trace:
[23-Dec-2016 05:55:34 Europe/Paris] PHP   1. {main}() /Users/pierrelafitte/Desktop/mondossier/web/php/projects/nullos-admin/app-nullos/www/index.php:0
[23-Dec-2016 05:55:34 Europe/Paris] PHP   2. require_once() /Users/pierrelafitte/Desktop/mondossier/web/php/projects/nullos-admin/app-nullos/www/index.php:68
[23-Dec-2016 05:55:34 Europe/Paris] PHP   3. Layout\Layout->display() /Users/pierrelafitte/Desktop/mondossier/web/php/projects/nullos-admin/app-nullos/pages/modules/moduleInstaller/moduleInstaller.php:8
[23-Dec-2016 05:55:34 Europe/Paris] PHP   4. Layout\Layout->includeElement() /Users/pierrelafitte/Desktop/mondossier/web/php/projects/nullos-admin/app-nullos/class/Layout/Layout.php:62
[23-Dec-2016 05:55:34 Europe/Paris] PHP   5. require_once() /Users/pierrelafitte/Desktop/mondossier/web/php/projects/nullos-admin/app-nullos/class/Layout/Layout.php:150
[23-Dec-2016 05:55:34 Europe/Paris] PHP   6. require_once() /Users/pierrelafitte/Desktop/mondossier/web/php/projects/nullos-admin/app-nullos/layout-elements/nullos/modules/moduleInstaller/moduleInstaller.php:47
[23-Dec-2016 05:55:34 Europe/Paris] PHP   7. ModuleInstaller\ModuleInstallerUtil::packModule() /Users/pierrelafitte/Desktop/mondossier/web/php/projects/nullos-admin/app-nullos/layout-elements/nullos/modules/moduleInstaller/tabs/modules.php:33
[23-Dec-2016 05:55:34 Europe/Paris] PHP   8. call_user_func:{/Users/pierrelafitte/Desktop/mondossier/web/php/projects/nullos-admin/app-nullos/class-modules/ModuleInstaller/ModuleInstallerUtil.php:84}() /Users/pierrelafitte/Desktop/mondossier/web/php/projects/nullos-admin/app-nullos/class-modules/ModuleInstaller/ModuleInstallerUtil.php:84
[23-Dec-2016 05:55:34 Europe/Paris] PHP   9. Installer\WithToolsLeftMenuModuleInstaller->pack() /Users/pierrelafitte/Desktop/mondossier/web/php/projects/nullos-admin/app-nullos/class-modules/ModuleInstaller/ModuleInstallerUtil.php:84
[23-Dec-2016 05:55:34 Europe/Paris] PHP  10. copy() /Users/pierrelafitte/Desktop/mondossier/web/php/projects/nullos-admin/app-nullos/class/Installer/WithToolsLeftMenuModuleInstaller.php:92
[23-Dec-2016 05:55:34 Europe/Paris] PHP Warning:  mkdir(): File exists in /Users/pierrelafitte/Desktop/mondossier/web/php/projects/nullos-admin/app-nullos/class/Installer/WithToolsLeftMenuModuleInstaller.php on line 91
[23-Dec-2016 05:55:34 Europe/Paris] PHP Stack trace:
[23-Dec-2016 05:55:34 Europe/Paris] PHP   1. {main}() /Users/pierrelafitte/Desktop/mondossier/web/php/projects/nullos-admin/app-nullos/www/index.php:0
[23-Dec-2016 05:55:34 Europe/Paris] PHP   2. require_once() /Users/pierrelafitte/Desktop/mondossier/web/php/projects/nullos-admin/app-nullos/www/index.php:68
[23-Dec-2016 05:55:34 Europe/Paris] PHP   3. Layout\Layout->display() /Users/pierrelafitte/Desktop/mondossier/web/php/projects/nullos-admin/app-nullos/pages/modules/moduleInstaller/moduleInstaller.php:8
[23-Dec-2016 05:55:34 Europe/Paris] PHP   4. Layout\Layout->includeElement() /Users/pierrelafitte/Desktop/mondossier/web/php/projects/nullos-admin/app-nullos/class/Layout/Layout.php:62
[23-Dec-2016 05:55:34 Europe/Paris] PHP   5. require_once() /Users/pierrelafitte/Desktop/mondossier/web/php/projects/nullos-admin/app-nullos/class/Layout/Layout.php:150
[23-Dec-2016 05:55:34 Europe/Paris] PHP   6. require_once() /Users/pierrelafitte/Desktop/mondossier/web/php/projects/nullos-admin/app-nullos/layout-elements/nullos/modules/moduleInstaller/moduleInstaller.php:47
[23-Dec-2016 05:55:34 Europe/Paris] PHP   7. ModuleInstaller\ModuleInstallerUtil::packModule() /Users/pierrelafitte/Desktop/mondossier/web/php/projects/nullos-admin/app-nullos/layout-elements/nullos/modules/moduleInstaller/tabs/modules.php:33
[23-Dec-2016 05:55:34 Europe/Paris] PHP   8. call_user_func:{/Users/pierrelafitte/Desktop/mondossier/web/php/projects/nullos-admin/app-nullos/class-modules/ModuleInstaller/ModuleInstallerUtil.php:84}() /Users/pierrelafitte/Desktop/mondossier/web/php/projects/nullos-admin/app-nullos/class-modules/ModuleInstaller/ModuleInstallerUtil.php:84
[23-Dec-2016 05:55:34 Europe/Paris] PHP   9. Installer\WithToolsLeftMenuModuleInstaller->pack() /Users/pierrelafitte/Desktop/mondossier/web/php/projects/nullos-admin/app-nullos/class-modules/ModuleInstaller/ModuleInstallerUtil.php:84
[23-Dec-2016 05:55:34 Europe/Paris] PHP  10. mkdir() /Users/pierrelafitte/Desktop/mondossier/web/php/projects/nullos-admin/app-nullos/class/Installer/WithToolsLeftMenuModuleInstaller.php:91
[23-Dec-2016 05:55:34 Europe/Paris] PHP Warning:  copy(/Users/pierrelafitte/Desktop/mondossier/web/php/projects/nullos-admin/app-nullos/lang/en/modules/iconsViewer): failed to open stream: No such file or directory in /Users/pierrelafitte/Desktop/mondossier/web/php/projects/nullos-admin/app-nullos/class/Installer/WithToolsLeftMenuModuleInstaller.php on line 92
[23-Dec-2016 05:55:34 Europe/Paris] PHP Stack trace:
[23-Dec-2016 05:55:34 Europe/Paris] PHP   1. {main}() /Users/pierrelafitte/Desktop/mondossier/web/php/projects/nullos-admin/app-nullos/www/index.php:0
[23-Dec-2016 05:55:34 Europe/Paris] PHP   2. require_once() /Users/pierrelafitte/Desktop/mondossier/web/php/projects/nullos-admin/app-nullos/www/index.php:68
[23-Dec-2016 05:55:34 Europe/Paris] PHP   3. Layout\Layout->display() /Users/pierrelafitte/Desktop/mondossier/web/php/projects/nullos-admin/app-nullos/pages/modules/moduleInstaller/moduleInstaller.php:8
[23-Dec-2016 05:55:34 Europe/Paris] PHP   4. Layout\Layout->includeElement() /Users/pierrelafitte/Desktop/mondossier/web/php/projects/nullos-admin/app-nullos/class/Layout/Layout.php:62
[23-Dec-2016 05:55:34 Europe/Paris] PHP   5. require_once() /Users/pierrelafitte/Desktop/mondossier/web/php/projects/nullos-admin/app-nullos/class/Layout/Layout.php:150
[23-Dec-2016 05:55:34 Europe/Paris] PHP   6. require_once() /Users/pierrelafitte/Desktop/mondossier/web/php/projects/nullos-admin/app-nullos/layout-elements/nullos/modules/moduleInstaller/moduleInstaller.php:47
[23-Dec-2016 05:55:34 Europe/Paris] PHP   7. ModuleInstaller\ModuleInstallerUtil::packModule() /Users/pierrelafitte/Desktop/mondossier/web/php/projects/nullos-admin/app-nullos/layout-elements/nullos/modules/moduleInstaller/tabs/modules.php:33
[23-Dec-2016 05:55:34 Europe/Paris] PHP   8. call_user_func:{/Users/pierrelafitte/Desktop/mondossier/web/php/projects/nullos-admin/app-nullos/class-modules/ModuleInstaller/ModuleInstallerUtil.php:84}() /Users/pierrelafitte/Desktop/mondossier/web/php/projects/nullos-admin/app-nullos/class-modules/ModuleInstaller/ModuleInstallerUtil.php:84
[23-Dec-2016 05:55:34 Europe/Paris] PHP   9. Installer\WithToolsLeftMenuModuleInstaller->pack() /Users/pierrelafitte/Desktop/mondossier/web/php/projects/nullos-admin/app-nullos/class-modules/ModuleInstaller/ModuleInstallerUtil.php:84
[23-Dec-2016 05:55:34 Europe/Paris] PHP  10. copy() /Users/pierrelafitte/Desktop/mondossier/web/php/projects/nullos-admin/app-nullos/class/Installer/WithToolsLeftMenuModuleInstaller.php:92
[23-Dec-2016 05:55:34 Europe/Paris] PHP Warning:  mkdir(): File exists in /Users/pierrelafitte/Desktop/mondossier/web/php/projects/nullos-admin/app-nullos/class/Installer/WithToolsLeftMenuModuleInstaller.php on line 91
[23-Dec-2016 05:55:34 Europe/Paris] PHP Stack trace:
[23-Dec-2016 05:55:34 Europe/Paris] PHP   1. {main}() /Users/pierrelafitte/Desktop/mondossier/web/php/projects/nullos-admin/app-nullos/www/index.php:0
[23-Dec-2016 05:55:34 Europe/Paris] PHP   2. require_once() /Users/pierrelafitte/Desktop/mondossier/web/php/projects/nullos-admin/app-nullos/www/index.php:68
[23-Dec-2016 05:55:34 Europe/Paris] PHP   3. Layout\Layout->display() /Users/pierrelafitte/Desktop/mondossier/web/php/projects/nullos-admin/app-nullos/pages/modules/moduleInstaller/moduleInstaller.php:8
[23-Dec-2016 05:55:34 Europe/Paris] PHP   4. Layout\Layout->includeElement() /Users/pierrelafitte/Desktop/mondossier/web/php/projects/nullos-admin/app-nullos/class/Layout/Layout.php:62
[23-Dec-2016 05:55:34 Europe/Paris] PHP   5. require_once() /Users/pierrelafitte/Desktop/mondossier/web/php/projects/nullos-admin/app-nullos/class/Layout/Layout.php:150
[23-Dec-2016 05:55:34 Europe/Paris] PHP   6. require_once() /Users/pierrelafitte/Desktop/mondossier/web/php/projects/nullos-admin/app-nullos/layout-elements/nullos/modules/moduleInstaller/moduleInstaller.php:47
[23-Dec-2016 05:55:34 Europe/Paris] PHP   7. ModuleInstaller\ModuleInstallerUtil::packModule() /Users/pierrelafitte/Desktop/mondossier/web/php/projects/nullos-admin/app-nullos/layout-elements/nullos/modules/moduleInstaller/tabs/modules.php:33
[23-Dec-2016 05:55:35 Europe/Paris] PHP   8. call_user_func:{/Users/pierrelafitte/Desktop/mondossier/web/php/projects/nullos-admin/app-nullos/class-modules/ModuleInstaller/ModuleInstallerUtil.php:84}() /Users/pierrelafitte/Desktop/mondossier/web/php/projects/nullos-admin/app-nullos/class-modules/ModuleInstaller/ModuleInstallerUtil.php:84
[23-Dec-2016 05:55:35 Europe/Paris] PHP   9. Installer\WithToolsLeftMenuModuleInstaller->pack() /Users/pierrelafitte/Desktop/mondossier/web/php/projects/nullos-admin/app-nullos/class-modules/ModuleInstaller/ModuleInstallerUtil.php:84
[23-Dec-2016 05:55:35 Europe/Paris] PHP  10. mkdir() /Users/pierrelafitte/Desktop/mondossier/web/php/projects/nullos-admin/app-nullos/class/Installer/WithToolsLeftMenuModuleInstaller.php:91
[23-Dec-2016 05:55:35 Europe/Paris] PHP Warning:  copy(/Users/pierrelafitte/Desktop/mondossier/web/php/projects/nullos-admin/app-nullos/lang/fr/modules/iconsViewer): failed to open stream: No such file or directory in /Users/pierrelafitte/Desktop/mondossier/web/php/projects/nullos-admin/app-nullos/class/Installer/WithToolsLeftMenuModuleInstaller.php on line 92
[23-Dec-2016 05:55:35 Europe/Paris] PHP Stack trace:
[23-Dec-2016 05:55:35 Europe/Paris] PHP   1. {main}() /Users/pierrelafitte/Desktop/mondossier/web/php/projects/nullos-admin/app-nullos/www/index.php:0
[23-Dec-2016 05:55:35 Europe/Paris] PHP   2. require_once() /Users/pierrelafitte/Desktop/mondossier/web/php/projects/nullos-admin/app-nullos/www/index.php:68
[23-Dec-2016 05:55:35 Europe/Paris] PHP   3. Layout\Layout->display() /Users/pierrelafitte/Desktop/mondossier/web/php/projects/nullos-admin/app-nullos/pages/modules/moduleInstaller/moduleInstaller.php:8
[23-Dec-2016 05:55:35 Europe/Paris] PHP   4. Layout\Layout->includeElement() /Users/pierrelafitte/Desktop/mondossier/web/php/projects/nullos-admin/app-nullos/class/Layout/Layout.php:62
[23-Dec-2016 05:55:35 Europe/Paris] PHP   5. require_once() /Users/pierrelafitte/Desktop/mondossier/web/php/projects/nullos-admin/app-nullos/class/Layout/Layout.php:150
[23-Dec-2016 05:55:35 Europe/Paris] PHP   6. require_once() /Users/pierrelafitte/Desktop/mondossier/web/php/projects/nullos-admin/app-nullos/layout-elements/nullos/modules/moduleInstaller/moduleInstaller.php:47
[23-Dec-2016 05:55:35 Europe/Paris] PHP   7. ModuleInstaller\ModuleInstallerUtil::packModule() /Users/pierrelafitte/Desktop/mondossier/web/php/projects/nullos-admin/app-nullos/layout-elements/nullos/modules/moduleInstaller/tabs/modules.php:33
[23-Dec-2016 05:55:35 Europe/Paris] PHP   8. call_user_func:{/Users/pierrelafitte/Desktop/mondossier/web/php/projects/nullos-admin/app-nullos/class-modules/ModuleInstaller/ModuleInstallerUtil.php:84}() /Users/pierrelafitte/Desktop/mondossier/web/php/projects/nullos-admin/app-nullos/class-modules/ModuleInstaller/ModuleInstallerUtil.php:84
[23-Dec-2016 05:55:35 Europe/Paris] PHP   9. Installer\WithToolsLeftMenuModuleInstaller->pack() /Users/pierrelafitte/Desktop/mondossier/web/php/projects/nullos-admin/app-nullos/class-modules/ModuleInstaller/ModuleInstallerUtil.php:84
[23-Dec-2016 05:55:35 Europe/Paris] PHP  10. copy() /Users/pierrelafitte/Desktop/mondossier/web/php/projects/nullos-admin/app-nullos/class/Installer/WithToolsLeftMenuModuleInstaller.php:92
